This file contains any messages produced by compilers while
running configure, to aid debugging if configure makes a mistake.

It was created by CellWriter configure 1.3.6, which was
generated by GNU Autoconf 2.69.  Invocation command line was

  $ ./configure --no-create --no-recursion

## --------- ##
## Platform. ##
## --------- ##

hostname = omnia
uname -m = x86_64
uname -r = 4.4.0-38-generic
uname -s = Linux
uname -v = #57-Ubuntu SMP Tue Sep 6 15:42:33 UTC 2016

/usr/bin/uname -p = unknown
/bin/uname -X     = unknown

/bin/arch              = unknown
/usr/bin/arch -k       = unknown
/usr/convex/getsysinfo = unknown
/usr/bin/hostinfo      = unknown
/bin/machine           = unknown
/usr/bin/oslevel       = unknown
/bin/universe          = unknown

PATH: /home/risujin/bin
PATH: /home/risujin/bin
PATH: /usr/local/sbin
PATH: /usr/local/bin
PATH: /usr/sbin
PATH: /usr/bin
PATH: /sbin
PATH: /bin
PATH: /usr/games
PATH: /usr/local/games
PATH: /snap/bin


## ----------- ##
## Core tests. ##
## ----------- ##

configure:2283: checking for a BSD-compatible install
configure:2351: result: /usr/bin/install -c
configure:2362: checking whether build environment is sane
configure:2412: result: yes
configure:2553: checking for a thread-safe mkdir -p
configure:2592: result: /bin/mkdir -p
configure:2605: checking for gawk
configure:2621: found /usr/bin/gawk
configure:2632: result: gawk
configure:2643: checking whether make sets $(MAKE)
configure:2665: result: yes
configure:2811: checking for gcc
configure:2827: found /usr/bin/gcc
configure:2838: result: gcc
configure:3067: checking for C compiler version
configure:3076: gcc --version >&5
gcc (Ubuntu 5.4.0-6ubuntu1~16.04.2) 5.4.0 20160609
Copyright (C) 2015 Free Software Foundation, Inc.
This is free software; see the source for copying conditions.  There is NO
warranty; not even for MERCHANTABILITY or FITNESS FOR A PARTICULAR PURPOSE.

configure:3087: $? = 0
configure:3076: gcc -v >&5
Using built-in specs.
COLLECT_GCC=gcc
COLLECT_LTO_WRAPPER=/usr/lib/gcc/x86_64-linux-gnu/5/lto-wrapper
Target: x86_64-linux-gnu
Configured with: ../src/configure -v --with-pkgversion='Ubuntu 5.4.0-6ubuntu1~16.04.2' --with-bugurl=file:///usr/share/doc/gcc-5/README.Bugs --enable-languages=c,ada,c++,java,go,d,fortran,objc,obj-c++ --prefix=/usr --program-suffix=-5 --enable-shared --enable-linker-build-id --libexecdir=/usr/lib --without-included-gettext --enable-threads=posix --libdir=/usr/lib --enable-nls --with-sysroot=/ --enable-clocale=gnu --enable-libstdcxx-debug --enable-libstdcxx-time=yes --with-default-libstdcxx-abi=new --enable-gnu-unique-object --disable-vtable-verify --enable-libmpx --enable-plugin --with-system-zlib --disable-browser-plugin --enable-java-awt=gtk --enable-gtk-cairo --with-java-home=/usr/lib/jvm/java-1.5.0-gcj-5-amd64/jre --enable-java-home --with-jvm-root-dir=/usr/lib/jvm/java-1.5.0-gcj-5-amd64 --with-jvm-jar-dir=/usr/lib/jvm-exports/java-1.5.0-gcj-5-amd64 --with-arch-directory=amd64 --with-ecj-jar=/usr/share/java/eclipse-ecj.jar --enable-objc-gc --enable-multiarch --disable-werror --with-arch-32=i686 --with-abi=m64 --with-multilib-list=m32,m64,mx32 --enable-multilib --with-tune=generic --enable-checking=release --build=x86_64-linux-gnu --host=x86_64-linux-gnu --target=x86_64-linux-gnu
Thread model: posix
gcc version 5.4.0 20160609 (Ubuntu 5.4.0-6ubuntu1~16.04.2) 
configure:3087: $? = 0
configure:3076: gcc -V >&5
gcc: error: unrecognized command line option '-V'
gcc: fatal error: no input files
compilation terminated.
configure:3087: $? = 1
configure:3076: gcc -qversion >&5
gcc: error: unrecognized command line option '-qversion'
gcc: fatal error: no input files
compilation terminated.
configure:3087: $? = 1
configure:3107: checking whether the C compiler works
configure:3129: gcc    conftest.c  >&5
configure:3133: $? = 0
configure:3181: result: yes
configure:3184: checking for C compiler default output file name
configure:3186: result: a.out
configure:3192: checking for suffix of executables
configure:3199: gcc -o conftest    conftest.c  >&5
configure:3203: $? = 0
configure:3225: result: 
configure:3247: checking whether we are cross compiling
configure:3255: gcc -o conftest    conftest.c  >&5
configure:3259: $? = 0
configure:3266: ./conftest
configure:3270: $? = 0
configure:3285: result: no
configure:3290: checking for suffix of object files
configure:3312: gcc -c   conftest.c >&5
configure:3316: $? = 0
configure:3337: result: o
configure:3341: checking whether we are using the GNU C compiler
configure:3360: gcc -c   conftest.c >&5
configure:3360: $? = 0
configure:3369: result: yes
configure:3378: checking whether gcc accepts -g
configure:3398: gcc -c -g  conftest.c >&5
configure:3398: $? = 0
configure:3439: result: yes
configure:3456: checking for gcc option to accept ISO C89
configure:3519: gcc  -c -g -O2  conftest.c >&5
configure:3519: $? = 0
configure:3532: result: none needed
configure:3563: checking for style of include used by make
configure:3591: result: GNU
configure:3617: checking dependency style of gcc
configure:3728: result: gcc3
configure:3748: checking for gawk
configure:3775: result: gawk
configure:3791: checking how to run the C preprocessor
configure:3822: gcc -E  conftest.c
configure:3822: $? = 0
configure:3836: gcc -E  conftest.c
conftest.c:13:28: fatal error: ac_nonexistent.h: No such file or directory
compilation terminated.
configure:3836: $? = 1
configure: failed program was:
| /* confdefs.h */
| #define PACKAGE_NAME "CellWriter"
| #define PACKAGE_TARNAME "cellwriter"
| #define PACKAGE_VERSION "1.3.6"
| #define PACKAGE_STRING "CellWriter 1.3.6"
| #define PACKAGE_BUGREPORT "risujin@risujin.org"
| #define PACKAGE_URL ""
| #define PACKAGE "cellwriter"
| #define VERSION "1.3.6"
| #define CELLWRITER_URL "http://risujin.org/cellwriter"
| #define ICON_PATH "/icons/hicolor/scalable/apps/"
| /* end confdefs.h.  */
| #include <ac_nonexistent.h>
configure:3861: result: gcc -E
configure:3881: gcc -E  conftest.c
configure:3881: $? = 0
configure:3895: gcc -E  conftest.c
conftest.c:13:28: fatal error: ac_nonexistent.h: No such file or directory
compilation terminated.
configure:3895: $? = 1
configure: failed program was:
| /* confdefs.h */
| #define PACKAGE_NAME "CellWriter"
| #define PACKAGE_TARNAME "cellwriter"
| #define PACKAGE_VERSION "1.3.6"
| #define PACKAGE_STRING "CellWriter 1.3.6"
| #define PACKAGE_BUGREPORT "risujin@risujin.org"
| #define PACKAGE_URL ""
| #define PACKAGE "cellwriter"
| #define VERSION "1.3.6"
| #define CELLWRITER_URL "http://risujin.org/cellwriter"
| #define ICON_PATH "/icons/hicolor/scalable/apps/"
| /* end confdefs.h.  */
| #include <ac_nonexistent.h>
configure:3927: checking for atan2 in -lm
configure:3952: gcc -o conftest -g -O2   conftest.c -lm   >&5
conftest.c:20:6: warning: conflicting types for built-in function 'atan2'
 char atan2 ();
      ^
configure:3952: $? = 0
configure:3961: result: yes
configure:4030: checking for pkg-config
configure:4048: found /usr/bin/pkg-config
configure:4060: result: /usr/bin/pkg-config
configure:4085: checking pkg-config is at least version 0.9.0
configure:4088: result: yes
configure:4098: checking for GTK
configure:4105: $PKG_CONFIG --exists --print-errors "gtk+-2.0 >= 2.8"
configure:4108: $? = 0
configure:4122: $PKG_CONFIG --exists --print-errors "gtk+-2.0 >= 2.8"
configure:4125: $? = 0
configure:4183: result: yes
configure:4198: checking for gtk_status_icon_new_from_file in -lgtk-x11-2.0
configure:4223: gcc -o conftest -g -O2   conftest.c -lgtk-x11-2.0  -lm  >&5
configure:4223: $? = 0
configure:4232: result: yes
configure:4264: checking for X
configure:4372: gcc -E  conftest.c
configure:4372: $? = 0
configure:4403: gcc -o conftest -g -O2   conftest.c -lX11 -lgtk-x11-2.0 -lm  >&5
configure:4403: $? = 0
configure:4453: result: libraries , headers 
configure:4457: checking for XChangeKeyboardMapping in -lX11
configure:4482: gcc -o conftest -g -O2   conftest.c -lX11  -lgtk-x11-2.0 -lm  >&5
configure:4482: $? = 0
configure:4491: result: yes
configure:4505: checking for XTestFakeKeyEvent in -lXtst
configure:4530: gcc -o conftest -g -O2   conftest.c -lXtst  -lX11 -lgtk-x11-2.0 -lm  >&5
configure:4530: $? = 0
configure:4539: result: yes
configure:4555: checking for grep that handles long lines and -e
configure:4613: result: /bin/grep
configure:4618: checking for egrep
configure:4680: result: /bin/grep -E
configure:4685: checking for ANSI C header files
configure:4705: gcc -c -g -O2  conftest.c >&5
configure:4705: $? = 0
configure:4778: gcc -o conftest -g -O2   conftest.c -lXtst -lX11 -lgtk-x11-2.0 -lm  >&5
configure:4778: $? = 0
configure:4778: ./conftest
configure:4778: $? = 0
configure:4789: result: yes
configure:4799: checking for an ANSI C-conforming const
configure:4865: gcc -c -g -O2  conftest.c >&5
configure:4865: $? = 0
configure:4872: result: yes
configure:4880: checking for inline
configure:4896: gcc -c -g -O2  conftest.c >&5
configure:4896: $? = 0
configure:4904: result: inline
configure:4927: checking for sys/types.h
configure:4927: gcc -c -g -O2  conftest.c >&5
configure:4927: $? = 0
configure:4927: result: yes
configure:4927: checking for sys/stat.h
configure:4927: gcc -c -g -O2  conftest.c >&5
configure:4927: $? = 0
configure:4927: result: yes
configure:4927: checking for stdlib.h
configure:4927: gcc -c -g -O2  conftest.c >&5
configure:4927: $? = 0
configure:4927: result: yes
configure:4927: checking for string.h
configure:4927: gcc -c -g -O2  conftest.c >&5
configure:4927: $? = 0
configure:4927: result: yes
configure:4927: checking for memory.h
configure:4927: gcc -c -g -O2  conftest.c >&5
configure:4927: $? = 0
configure:4927: result: yes
configure:4927: checking for strings.h
configure:4927: gcc -c -g -O2  conftest.c >&5
configure:4927: $? = 0
configure:4927: result: yes
configure:4927: checking for inttypes.h
configure:4927: gcc -c -g -O2  conftest.c >&5
configure:4927: $? = 0
configure:4927: result: yes
configure:4927: checking for stdint.h
configure:4927: gcc -c -g -O2  conftest.c >&5
configure:4927: $? = 0
configure:4927: result: yes
configure:4927: checking for unistd.h
configure:4927: gcc -c -g -O2  conftest.c >&5
configure:4927: $? = 0
configure:4927: result: yes
configure:4939: checking for size_t
configure:4939: gcc -c -g -O2  conftest.c >&5
configure:4939: $? = 0
configure:4939: gcc -c -g -O2  conftest.c >&5
conftest.c: In function 'main':
conftest.c:63:21: error: expected expression before ')' token
 if (sizeof ((size_t)))
                     ^
configure:4939: $? = 1
configure: failed program was:
| /* confdefs.h */
| #define PACKAGE_NAME "CellWriter"
| #define PACKAGE_TARNAME "cellwriter"
| #define PACKAGE_VERSION "1.3.6"
| #define PACKAGE_STRING "CellWriter 1.3.6"
| #define PACKAGE_BUGREPORT "risujin@risujin.org"
| #define PACKAGE_URL ""
| #define PACKAGE "cellwriter"
| #define VERSION "1.3.6"
| #define CELLWRITER_URL "http://risujin.org/cellwriter"
| #define ICON_PATH "/icons/hicolor/scalable/apps/"
| #define HAVE_LIBM 1
| #define HAVE_LIBGTK_X11_2_0 1
| #define HAVE_LIBX11 1
| #define HAVE_LIBXTST 1
| #define STDC_HEADERS 1
| #define HAVE_SYS_TYPES_H 1
| #define HAVE_SYS_STAT_H 1
| #define HAVE_STDLIB_H 1
| #define HAVE_STRING_H 1
| #define HAVE_MEMORY_H 1
| #define HAVE_STRINGS_H 1
| #define HAVE_INTTYPES_H 1
| #define HAVE_STDINT_H 1
| #define HAVE_UNISTD_H 1
| /* end confdefs.h.  */
| #include <stdio.h>
| #ifdef HAVE_SYS_TYPES_H
| # include <sys/types.h>
| #endif
| #ifdef HAVE_SYS_STAT_H
| # include <sys/stat.h>
| #endif
| #ifdef STDC_HEADERS
| # include <stdlib.h>
| # include <stddef.h>
| #else
| # ifdef HAVE_STDLIB_H
| #  include <stdlib.h>
| # endif
| #endif
| #ifdef HAVE_STRING_H
| # if !defined STDC_HEADERS && defined HAVE_MEMORY_H
| #  include <memory.h>
| # endif
| # include <string.h>
| #endif
| #ifdef HAVE_STRINGS_H
| # include <strings.h>
| #endif
| #ifdef HAVE_INTTYPES_H
| # include <inttypes.h>
| #endif
| #ifdef HAVE_STDINT_H
| # include <stdint.h>
| #endif
| #ifdef HAVE_UNISTD_H
| # include <unistd.h>
| #endif
| int
| main ()
| {
| if (sizeof ((size_t)))
| 	    return 0;
|   ;
|   return 0;
| }
configure:4939: result: yes
configure:4952: checking return type of signal handlers
configure:4970: gcc -c -g -O2  conftest.c >&5
conftest.c: In function 'main':
conftest.c:33:9: error: void value not ignored as it ought to be
 return *(signal (0, 0)) (0) == 1;
         ^
configure:4970: $? = 1
configure: failed program was:
| /* confdefs.h */
| #define PACKAGE_NAME "CellWriter"
| #define PACKAGE_TARNAME "cellwriter"
| #define PACKAGE_VERSION "1.3.6"
| #define PACKAGE_STRING "CellWriter 1.3.6"
| #define PACKAGE_BUGREPORT "risujin@risujin.org"
| #define PACKAGE_URL ""
| #define PACKAGE "cellwriter"
| #define VERSION "1.3.6"
| #define CELLWRITER_URL "http://risujin.org/cellwriter"
| #define ICON_PATH "/icons/hicolor/scalable/apps/"
| #define HAVE_LIBM 1
| #define HAVE_LIBGTK_X11_2_0 1
| #define HAVE_LIBX11 1
| #define HAVE_LIBXTST 1
| #define STDC_HEADERS 1
| #define HAVE_SYS_TYPES_H 1
| #define HAVE_SYS_STAT_H 1
| #define HAVE_STDLIB_H 1
| #define HAVE_STRING_H 1
| #define HAVE_MEMORY_H 1
| #define HAVE_STRINGS_H 1
| #define HAVE_INTTYPES_H 1
| #define HAVE_STDINT_H 1
| #define HAVE_UNISTD_H 1
| /* end confdefs.h.  */
| #include <sys/types.h>
| #include <signal.h>
| 
| int
| main ()
| {
| return *(signal (0, 0)) (0) == 1;
|   ;
|   return 0;
| }
configure:4977: result: void
configure:4987: checking for stdlib.h
configure:4987: result: yes
configure:4997: checking for GNU libc compatible malloc
configure:5021: gcc -o conftest -g -O2   conftest.c -lXtst -lX11 -lgtk-x11-2.0 -lm  >&5
configure:5021: $? = 0
configure:5021: ./conftest
configure:5021: $? = 0
configure:5031: result: yes
configure:5054: checking for stdlib.h
configure:5054: result: yes
configure:5064: checking for GNU libc compatible realloc
configure:5088: gcc -o conftest -g -O2   conftest.c -lXtst -lX11 -lgtk-x11-2.0 -lm  >&5
configure:5088: $? = 0
configure:5088: ./conftest
configure:5088: $? = 0
configure:5098: result: yes
configure:5122: checking for memmove
configure:5122: gcc -o conftest -g -O2   conftest.c -lXtst -lX11 -lgtk-x11-2.0 -lm  >&5
conftest.c:55:6: warning: conflicting types for built-in function 'memmove'
 char memmove ();
      ^
configure:5122: $? = 0
configure:5122: result: yes
configure:5122: checking for memset
configure:5122: gcc -o conftest -g -O2   conftest.c -lXtst -lX11 -lgtk-x11-2.0 -lm  >&5
conftest.c:56:6: warning: conflicting types for built-in function 'memset'
 char memset ();
      ^
configure:5122: $? = 0
configure:5122: result: yes
configure:5122: checking for sqrt
configure:5122: gcc -o conftest -g -O2   conftest.c -lXtst -lX11 -lgtk-x11-2.0 -lm  >&5
conftest.c:57:6: warning: conflicting types for built-in function 'sqrt'
 char sqrt ();
      ^
configure:5122: $? = 0
configure:5122: result: yes
configure:5122: checking for strcasecmp
configure:5122: gcc -o conftest -g -O2   conftest.c -lXtst -lX11 -lgtk-x11-2.0 -lm  >&5
conftest.c:58:6: warning: conflicting types for built-in function 'strcasecmp'
 char strcasecmp ();
      ^
configure:5122: $? = 0
configure:5122: result: yes
configure:5268: creating ./config.status

## ---------------- ##
## Cache variables. ##
## ---------------- ##

ac_cv_c_compiler_gnu=yes
ac_cv_c_const=yes
ac_cv_c_inline=inline
ac_cv_env_CC_set=
ac_cv_env_CC_value=
ac_cv_env_CELLWRITER_URL_set=
ac_cv_env_CELLWRITER_URL_value=
ac_cv_env_CFLAGS_set=
ac_cv_env_CFLAGS_value=
ac_cv_env_CPPFLAGS_set=
ac_cv_env_CPPFLAGS_value=
ac_cv_env_CPP_set=
ac_cv_env_CPP_value=
ac_cv_env_GTK_CFLAGS_set=
ac_cv_env_GTK_CFLAGS_value=
ac_cv_env_GTK_LIBS_set=
ac_cv_env_GTK_LIBS_value=
ac_cv_env_LDFLAGS_set=
ac_cv_env_LDFLAGS_value=
ac_cv_env_LIBS_set=
ac_cv_env_LIBS_value=
ac_cv_env_PKG_CONFIG_LIBDIR_set=
ac_cv_env_PKG_CONFIG_LIBDIR_value=
ac_cv_env_PKG_CONFIG_PATH_set=
ac_cv_env_PKG_CONFIG_PATH_value=
ac_cv_env_PKG_CONFIG_set=
ac_cv_env_PKG_CONFIG_value=
ac_cv_env_XMKMF_set=
ac_cv_env_XMKMF_value=
ac_cv_env_build_alias_set=
ac_cv_env_build_alias_value=
ac_cv_env_host_alias_set=
ac_cv_env_host_alias_value=
ac_cv_env_target_alias_set=
ac_cv_env_target_alias_value=
ac_cv_func_malloc_0_nonnull=yes
ac_cv_func_memmove=yes
ac_cv_func_memset=yes
ac_cv_func_realloc_0_nonnull=yes
ac_cv_func_sqrt=yes
ac_cv_func_strcasecmp=yes
ac_cv_have_x='have_x=yes	ac_x_includes='\'''\''	ac_x_libraries='\'''\'''
ac_cv_header_inttypes_h=yes
ac_cv_header_memory_h=yes
ac_cv_header_stdc=yes
ac_cv_header_stdint_h=yes
ac_cv_header_stdlib_h=yes
ac_cv_header_string_h=yes
ac_cv_header_strings_h=yes
ac_cv_header_sys_stat_h=yes
ac_cv_header_sys_types_h=yes
ac_cv_header_unistd_h=yes
ac_cv_lib_X11_XChangeKeyboardMapping=yes
ac_cv_lib_Xtst_XTestFakeKeyEvent=yes
ac_cv_lib_gtk_x11_2_0_gtk_status_icon_new_from_file=yes
ac_cv_lib_m_atan2=yes
ac_cv_objext=o
ac_cv_path_EGREP='/bin/grep -E'
ac_cv_path_GREP=/bin/grep
ac_cv_path_ac_pt_PKG_CONFIG=/usr/bin/pkg-config
ac_cv_path_install='/usr/bin/install -c'
ac_cv_path_mkdir=/bin/mkdir
ac_cv_prog_AWK=gawk
ac_cv_prog_CPP='gcc -E'
ac_cv_prog_ac_ct_CC=gcc
ac_cv_prog_cc_c89=
ac_cv_prog_cc_g=yes
ac_cv_prog_make_make_set=yes
ac_cv_type_signal=void
ac_cv_type_size_t=yes
am_cv_CC_dependencies_compiler_type=gcc3
pkg_cv_GTK_CFLAGS='-pthread -I/usr/include/gtk-2.0 -I/usr/lib/x86_64-linux-gnu/gtk-2.0/include -I/usr/include/gio-unix-2.0/ -I/usr/include/cairo -I/usr/include/pango-1.0 -I/usr/include/atk-1.0 -I/usr/include/cairo -I/usr/include/pixman-1 -I/usr/include/libpng12 -I/usr/include/gdk-pixbuf-2.0 -I/usr/include/libpng12 -I/usr/include/pango-1.0 -I/usr/include/harfbuzz -I/usr/include/pango-1.0 -I/usr/include/glib-2.0 -I/usr/lib/x86_64-linux-gnu/glib-2.0/include -I/usr/include/freetype2'
pkg_cv_GTK_LIBS='-lgtk-x11-2.0 -lgdk-x11-2.0 -lpangocairo-1.0 -latk-1.0 -lcairo -lgdk_pixbuf-2.0 -lgio-2.0 -lpangoft2-1.0 -lpango-1.0 -lgobject-2.0 -lglib-2.0 -lfontconfig -lfreetype'

## ----------------- ##
## Output variables. ##
## ----------------- ##

ACLOCAL='${SHELL} /home/risujin/src/cellwriter/git/missing --run aclocal-1.11'
AMDEPBACKSLASH='\'
AMDEP_FALSE='#'
AMDEP_TRUE=''
AMTAR='$${TAR-tar}'
AUTOCONF='${SHELL} /home/risujin/src/cellwriter/git/missing --run autoconf'
AUTOHEADER='${SHELL} /home/risujin/src/cellwriter/git/missing --run autoheader'
AUTOMAKE='${SHELL} /home/risujin/src/cellwriter/git/missing --run automake-1.11'
AWK='gawk'
CC='gcc'
CCDEPMODE='depmode=gcc3'
CELLWRITER_URL=''
CFLAGS='-g -O2'
CPP='gcc -E'
CPPFLAGS=''
CYGPATH_W='echo'
DEFS='-DHAVE_CONFIG_H'
DEPDIR='.deps'
ECHO_C=''
ECHO_N='-n'
ECHO_T=''
EGREP='/bin/grep -E'
EXEEXT=''
GREP='/bin/grep'
GTKSTATUSICON_FALSE='#'
GTKSTATUSICON_TRUE=''
GTK_CFLAGS='-pthread -I/usr/include/gtk-2.0 -I/usr/lib/x86_64-linux-gnu/gtk-2.0/include -I/usr/include/gio-unix-2.0/ -I/usr/include/cairo -I/usr/include/pango-1.0 -I/usr/include/atk-1.0 -I/usr/include/cairo -I/usr/include/pixman-1 -I/usr/include/libpng12 -I/usr/include/gdk-pixbuf-2.0 -I/usr/include/libpng12 -I/usr/include/pango-1.0 -I/usr/include/harfbuzz -I/usr/include/pango-1.0 -I/usr/include/glib-2.0 -I/usr/lib/x86_64-linux-gnu/glib-2.0/include -I/usr/include/freetype2'
GTK_LIBS='-lgtk-x11-2.0 -lgdk-x11-2.0 -lpangocairo-1.0 -latk-1.0 -lcairo -lgdk_pixbuf-2.0 -lgio-2.0 -lpangoft2-1.0 -lpango-1.0 -lgobject-2.0 -lglib-2.0 -lfontconfig -lfreetype'
INSTALL_DATA='${INSTALL} -m 644'
INSTALL_PROGRAM='${INSTALL}'
INSTALL_SCRIPT='${INSTALL}'
INSTALL_STRIP_PROGRAM='$(install_sh) -c -s'
LDFLAGS=''
LIBOBJS=''
LIBS='-lXtst -lX11 -lgtk-x11-2.0 -lm '
LTLIBOBJS=''
MAKEINFO='${SHELL} /home/risujin/src/cellwriter/git/missing --run makeinfo'
MKDIR_P='/bin/mkdir -p'
OBJEXT='o'
PACKAGE='cellwriter'
PACKAGE_BUGREPORT='risujin@risujin.org'
PACKAGE_NAME='CellWriter'
PACKAGE_STRING='CellWriter 1.3.6'
PACKAGE_TARNAME='cellwriter'
PACKAGE_URL=''
PACKAGE_VERSION='1.3.6'
PATH_SEPARATOR=':'
PKG_CONFIG='/usr/bin/pkg-config'
PKG_CONFIG_LIBDIR=''
PKG_CONFIG_PATH=''
SET_MAKE=''
SHELL='/bin/bash'
STRIP=''
VERSION='1.3.6'
XMKMF=''
ac_ct_CC='gcc'
am__EXEEXT_FALSE=''
am__EXEEXT_TRUE='#'
am__fastdepCC_FALSE='#'
am__fastdepCC_TRUE=''
am__include='include'
am__isrc=''
am__leading_dot='.'
am__nodep='_no'
am__quote=''
am__tar='$${TAR-tar} chof - "$$tardir"'
am__untar='$${TAR-tar} xf -'
bindir='${exec_prefix}/bin'
build_alias=''
datadir='${datarootdir}'
datarootdir='${prefix}/share'
docdir='${datarootdir}/doc/${PACKAGE_TARNAME}'
dvidir='${docdir}'
exec_prefix='${prefix}'
host_alias=''
htmldir='${docdir}'
includedir='${prefix}/include'
infodir='${datarootdir}/info'
install_sh='${SHELL} /home/risujin/src/cellwriter/git/install-sh'
libdir='${exec_prefix}/lib'
libexecdir='${exec_prefix}/libexec'
localedir='${datarootdir}/locale'
localstatedir='${prefix}/var'
mandir='${datarootdir}/man'
mkdir_p='/bin/mkdir -p'
oldincludedir='/usr/include'
pdfdir='${docdir}'
prefix='/usr/local'
program_transform_name='s,x,x,'
psdir='${docdir}'
runstatedir='${localstatedir}/run'
sbindir='${exec_prefix}/sbin'
sharedstatedir='${prefix}/com'
sysconfdir='${prefix}/etc'
target_alias=''

## ----------- ##
## confdefs.h. ##
## ----------- ##

/* confdefs.h */
#define PACKAGE_NAME "CellWriter"
#define PACKAGE_TARNAME "cellwriter"
#define PACKAGE_VERSION "1.3.6"
#define PACKAGE_STRING "CellWriter 1.3.6"
#define PACKAGE_BUGREPORT "risujin@risujin.org"
#define PACKAGE_URL ""
#define PACKAGE "cellwriter"
#define VERSION "1.3.6"
#define CELLWRITER_URL "http://risujin.org/cellwriter"
#define ICON_PATH "/icons/hicolor/scalable/apps/"
#define HAVE_LIBM 1
#define HAVE_LIBGTK_X11_2_0 1
#define HAVE_LIBX11 1
#define HAVE_LIBXTST 1
#define STDC_HEADERS 1
#define HAVE_SYS_TYPES_H 1
#define HAVE_SYS_STAT_H 1
#define HAVE_STDLIB_H 1
#define HAVE_STRING_H 1
#define HAVE_MEMORY_H 1
#define HAVE_STRINGS_H 1
#define HAVE_INTTYPES_H 1
#define HAVE_STDINT_H 1
#define HAVE_UNISTD_H 1
#define RETSIGTYPE void
#define HAVE_STDLIB_H 1
#define HAVE_MALLOC 1
#define HAVE_STDLIB_H 1
#define HAVE_REALLOC 1
#define HAVE_MEMMOVE 1
#define HAVE_MEMSET 1
#define HAVE_SQRT 1
#define HAVE_STRCASECMP 1

configure: exit 0

## ---------------------- ##
## Running config.status. ##
## ---------------------- ##

This file was extended by CellWriter config.status 1.3.6, which was
generated by GNU Autoconf 2.69.  Invocation command line was

  CONFIG_FILES    = 
  CONFIG_HEADERS  = 
  CONFIG_LINKS    = 
  CONFIG_COMMANDS = 
  $ ./config.status 

on omnia

config.status:877: creating Makefile
config.status:877: creating config.h
config.status:1106: executing depfiles commands

## ---------------------- ##
## Running config.status. ##
## ---------------------- ##

This file was extended by CellWriter config.status 1.3.6, which was
generated by GNU Autoconf 2.69.  Invocation command line was

  CONFIG_FILES    = 
  CONFIG_HEADERS  = 
  CONFIG_LINKS    = 
  CONFIG_COMMANDS = 
  $ ./config.status config.h

on omnia

config.status:877: creating config.h
config.status:1058: config.h is unchanged
